build/app/intermediates/manifest_merge_blame_file/release/manifest-merger-blame-release-report.txt
1<?xml version="1.0" encoding="utf-8"?>
2<manifest xmlns:android="http://schemas.android.com/apk/res/android"
3    package="com.example.blood_donation"
4    android:versionCode="1"
5    android:versionName="1.0.0" >
6
7    <uses-sdk
8        android:minSdkVersion="21"
8-->src\main\AndroidManifest.xml
9        android:targetSdkVersion="33" />
9-->src\main\AndroidManifest.xml
10
11    <uses-permission android:name="android.permission.CALL_PHONE" />
11-->[:flutter_phone_direct_caller] AndroidManifest.xml:9:5-69
11-->[:flutter_phone_direct_caller] AndroidManifest.xml:9:22-66
12
13    <uses-feature
13-->[:flutter_phone_direct_caller] AndroidManifest.xml:11:5-13:36
14        android:name="android.hardware.telephony"
14-->[:flutter_phone_direct_caller] AndroidManifest.xml:12:9-50
15        android:required="false" />
15-->[:flutter_phone_direct_caller] AndroidManifest.xml:13:9-33
16
17    <uses-permission android:name="android.permission.INTERNET" />
17-->[com.google.firebase:firebase-auth:21.3.0] AndroidManifest.xml:25:5-67
17-->[com.google.firebase:firebase-auth:21.3.0] AndroidManifest.xml:25:22-64
18    <uses-permission android:name="android.permission.ACCESS_NETWORK_STATE" />
18-->[com.google.firebase:firebase-auth:21.3.0] AndroidManifest.xml:26:5-79
18-->[com.google.firebase:firebase-auth:21.3.0] AndroidManifest.xml:26:22-76
19
20    <permission
20-->[androidx.core:core:1.9.0] AndroidManifest.xml:22:5-24:47
21        android:name="com.example.blood_donation.DYNAMIC_RECEIVER_NOT_EXPORTED_PERMISSION"
21-->[androidx.core:core:1.9.0] AndroidManifest.xml:23:9-81
22        android:protectionLevel="signature" />
22-->[androidx.core:core:1.9.0] AndroidManifest.xml:24:9-44
23
24    <uses-permission android:name="com.example.blood_donation.DYNAMIC_RECEIVER_NOT_EXPORTED_PERMISSION" />
24-->[androidx.core:core:1.9.0] AndroidManifest.xml:26:5-97
24-->[androidx.core:core:1.9.0] AndroidManifest.xml:26:22-94
25
26    <application
27        android:name="android.app.Application"
27-->src\main\AndroidManifest.xml:5:9-42
28        android:appComponentFactory="androidx.core.app.CoreComponentFactory"
28-->[androidx.core:core:1.9.0] AndroidManifest.xml:28:18-86
29        android:icon="@mipmap/ic_launcher"
29-->src\main\AndroidManifest.xml:6:9-43
30        android:label="blood_donation" >
30-->src\main\AndroidManifest.xml:4:9-39
31        <activity
31-->src\main\AndroidManifest.xml:7:9-27:20
32            android:name="com.example.blood_donation.MainActivity"
32-->src\main\AndroidManifest.xml:8:13-41
33            android:configChanges="orientation|keyboardHidden|keyboard|screenSize|smallestScreenSize|locale|layoutDirection|fontScale|screenLayout|density|uiMode"
33-->src\main\AndroidManifest.xml:12:13-163
34            android:exported="true"
34-->src\main\AndroidManifest.xml:9:13-36
35            android:hardwareAccelerated="true"
35-->src\main\AndroidManifest.xml:13:13-47
36            android:launchMode="singleTop"
36-->src\main\AndroidManifest.xml:10:13-43
37            android:theme="@style/LaunchTheme"
37-->src\main\AndroidManifest.xml:11:13-47
38            android:windowSoftInputMode="adjustResize" >
38-->src\main\AndroidManifest.xml:14:13-55
39
40            <!--
41                 Specifies an Android theme to apply to this Activity as soon as
42                 the Android process has started. This theme is visible to the user
43                 while the Flutter UI initializes. After that, this theme continues
44                 to determine the Window background behind the Flutter UI.
45            -->
46            <meta-data
46-->src\main\AndroidManifest.xml:19:13-22:17
47                android:name="io.flutter.embedding.android.NormalTheme"
47-->src\main\AndroidManifest.xml:20:15-70
48                android:resource="@style/NormalTheme" />
48-->src\main\AndroidManifest.xml:21:15-52
49
50            <intent-filter>
50-->src\main\AndroidManifest.xml:23:13-26:29
51                <action android:name="android.intent.action.MAIN" />
51-->src\main\AndroidManifest.xml:24:17-68
51-->src\main\AndroidManifest.xml:24:25-66
52
53                <category android:name="android.intent.category.LAUNCHER" />
53-->src\main\AndroidManifest.xml:25:17-76
53-->src\main\AndroidManifest.xml:25:27-74
54            </intent-filter>
55        </activity>
56        <!--
57             Don't delete the meta-data below.
58             This is used by the Flutter tool to generate GeneratedPluginRegistrant.java
59        -->
60        <meta-data
60-->src\main\AndroidManifest.xml:30:9-32:33
61            android:name="flutterEmbedding"
61-->src\main\AndroidManifest.xml:31:13-44
62            android:value="2" />
62-->src\main\AndroidManifest.xml:32:13-30
63
64        <service
64-->[:cloud_firestore] AndroidManifest.xml:10:9-14:19
65            android:name="com.google.firebase.components.ComponentDiscoveryService"
65-->[:cloud_firestore] AndroidManifest.xml:10:18-89
66            android:directBootAware="true"
66-->[com.google.firebase:firebase-common:20.3.2] AndroidManifest.xml:34:13-43
67            android:exported="false" >
67-->[com.google.firebase:firebase-auth:21.3.0] AndroidManifest.xml:68:13-37
68            <meta-data
68-->[:cloud_firestore] AndroidManifest.xml:11:13-13:85
69                android:name="com.google.firebase.components:io.flutter.plugins.firebase.firestore.FlutterFirebaseFirestoreRegistrar"
69-->[:cloud_firestore] AndroidManifest.xml:12:17-134
70                android:value="com.google.firebase.components.ComponentRegistrar" />
70-->[:cloud_firestore] AndroidManifest.xml:13:17-82
71            <meta-data
71-->[:firebase_auth] AndroidManifest.xml:11:13-13:85
72                android:name="com.google.firebase.components:io.flutter.plugins.firebase.auth.FlutterFirebaseAuthRegistrar"
72-->[:firebase_auth] AndroidManifest.xml:12:17-124
73                android:value="com.google.firebase.components.ComponentRegistrar" />
73-->[:firebase_auth] AndroidManifest.xml:13:17-82
74            <meta-data
74-->[:firebase_storage] AndroidManifest.xml:11:13-13:85
75                android:name="com.google.firebase.components:io.flutter.plugins.firebase.storage.FlutterFirebaseAppRegistrar"
75-->[:firebase_storage] AndroidManifest.xml:12:17-126
76                android:value="com.google.firebase.components.ComponentRegistrar" />
76-->[:firebase_storage] AndroidManifest.xml:13:17-82
77            <meta-data
77-->[:firebase_core] AndroidManifest.xml:11:13-13:85
78                android:name="com.google.firebase.components:io.flutter.plugins.firebase.core.FlutterFirebaseCoreRegistrar"
78-->[:firebase_core] AndroidManifest.xml:12:17-124
79                android:value="com.google.firebase.components.ComponentRegistrar" />
79-->[:firebase_core] AndroidManifest.xml:13:17-82
80            <meta-data
80-->[com.google.firebase:firebase-auth:21.3.0] AndroidManifest.xml:69:13-71:85
81                android:name="com.google.firebase.components:com.google.firebase.auth.FirebaseAuthRegistrar"
81-->[com.google.firebase:firebase-auth:21.3.0] AndroidManifest.xml:70:17-109
82                android:value="com.google.firebase.components.ComponentRegistrar" />
82-->[com.google.firebase:firebase-auth:21.3.0] AndroidManifest.xml:71:17-82
83            <meta-data
83-->[com.google.firebase:firebase-firestore:24.5.0] AndroidManifest.xml:19:13-21:85
84                android:name="com.google.firebase.components:com.google.firebase.firestore.FirestoreRegistrar"
84-->[com.google.firebase:firebase-firestore:24.5.0] AndroidManifest.xml:20:17-111
85                android:value="com.google.firebase.components.ComponentRegistrar" />
85-->[com.google.firebase:firebase-firestore:24.5.0] AndroidManifest.xml:21:17-82
86            <meta-data
86-->[com.google.firebase:firebase-storage:20.1.0] AndroidManifest.xml:32:13-34:85
87                android:name="com.google.firebase.components:com.google.firebase.storage.StorageRegistrar"
87-->[com.google.firebase:firebase-storage:20.1.0] AndroidManifest.xml:33:17-107
88                android:value="com.google.firebase.components.ComponentRegistrar" />
88-->[com.google.firebase:firebase-storage:20.1.0] AndroidManifest.xml:34:17-82
89        </service>
90
91        <provider
91-->[:image_picker_android] AndroidManifest.xml:10:9-18:20
92            android:name="io.flutter.plugins.imagepicker.ImagePickerFileProvider"
92-->[:image_picker_android] AndroidManifest.xml:11:13-82
93            android:authorities="com.example.blood_donation.flutter.image_provider"
93-->[:image_picker_android] AndroidManifest.xml:12:13-74
94            android:exported="false"
94-->[:image_picker_android] AndroidManifest.xml:13:13-37
95            android:grantUriPermissions="true" >
95-->[:image_picker_android] AndroidManifest.xml:14:13-47
96            <meta-data
96-->[:image_picker_android] AndroidManifest.xml:15:13-17:75
97                android:name="android.support.FILE_PROVIDER_PATHS"
97-->[:image_picker_android] AndroidManifest.xml:16:17-67
98                android:resource="@xml/flutter_image_picker_file_paths" />
98-->[:image_picker_android] AndroidManifest.xml:17:17-72
99        </provider>
100
101        <activity
101-->[:url_launcher_android] AndroidManifest.xml:10:9-13:74
102            android:name="io.flutter.plugins.urllauncher.WebViewActivity"
102-->[:url_launcher_android] AndroidManifest.xml:11:13-74
103            android:exported="false"
103-->[:url_launcher_android] AndroidManifest.xml:12:13-37
104            android:theme="@android:style/Theme.NoTitleBar.Fullscreen" />
104-->[:url_launcher_android] AndroidManifest.xml:13:13-71
105
106        <provider
106-->[:share] AndroidManifest.xml:10:9-18:20
107            android:name="io.flutter.plugins.share.ShareFileProvider"
107-->[:share] AndroidManifest.xml:11:13-70
108            android:authorities="com.example.blood_donation.flutter.share_provider"
108-->[:share] AndroidManifest.xml:12:13-74
109            android:exported="false"
109-->[:share] AndroidManifest.xml:13:13-37
110            android:grantUriPermissions="true" >
110-->[:share] AndroidManifest.xml:14:13-47
111            <meta-data
111-->[:image_picker_android] AndroidManifest.xml:15:13-17:75
112                android:name="android.support.FILE_PROVIDER_PATHS"
112-->[:image_picker_android] AndroidManifest.xml:16:17-67
113                android:resource="@xml/flutter_share_file_paths" />
113-->[:image_picker_android] AndroidManifest.xml:17:17-72
114        </provider>
115
116        <activity
116-->[com.google.android.gms:play-services-auth:20.5.0] AndroidManifest.xml:23:9-27:75
117            android:name="com.google.android.gms.auth.api.signin.internal.SignInHubActivity"
117-->[com.google.android.gms:play-services-auth:20.5.0] AndroidManifest.xml:24:13-93
118            android:excludeFromRecents="true"
118-->[com.google.android.gms:play-services-auth:20.5.0] AndroidManifest.xml:25:13-46
119            android:exported="false"
119-->[com.google.android.gms:play-services-auth:20.5.0] AndroidManifest.xml:26:13-37
120            android:theme="@android:style/Theme.Translucent.NoTitleBar" />
120-->[com.google.android.gms:play-services-auth:20.5.0] AndroidManifest.xml:27:13-72
121        <!--
122            Service handling Google Sign-In user revocation. For apps that do not integrate with
123            Google Sign-In, this service will never be started.
124        -->
125        <service
125-->[com.google.android.gms:play-services-auth:20.5.0] AndroidManifest.xml:33:9-37:51
126            android:name="com.google.android.gms.auth.api.signin.RevocationBoundService"
126-->[com.google.android.gms:play-services-auth:20.5.0] AndroidManifest.xml:34:13-89
127            android:exported="true"
127-->[com.google.android.gms:play-services-auth:20.5.0] AndroidManifest.xml:35:13-36
128            android:permission="com.google.android.gms.auth.api.signin.permission.REVOCATION_NOTIFICATION"
128-->[com.google.android.gms:play-services-auth:20.5.0] AndroidManifest.xml:36:13-107
129            android:visibleToInstantApps="true" />
129-->[com.google.android.gms:play-services-auth:20.5.0] AndroidManifest.xml:37:13-48
130
131        <activity
131-->[com.google.firebase:firebase-auth:21.3.0] AndroidManifest.xml:29:9-46:20
132            android:name="com.google.firebase.auth.internal.GenericIdpActivity"
132-->[com.google.firebase:firebase-auth:21.3.0] AndroidManifest.xml:30:13-80
133            android:excludeFromRecents="true"
133-->[com.google.firebase:firebase-auth:21.3.0] AndroidManifest.xml:31:13-46
134            android:exported="true"
134-->[com.google.firebase:firebase-auth:21.3.0] AndroidManifest.xml:32:13-36
135            android:launchMode="singleTask"
135-->[com.google.firebase:firebase-auth:21.3.0] AndroidManifest.xml:33:13-44
136            android:theme="@android:style/Theme.Translucent.NoTitleBar" >
136-->[com.google.firebase:firebase-auth:21.3.0] AndroidManifest.xml:34:13-72
137            <intent-filter>
137-->[com.google.firebase:firebase-auth:21.3.0] AndroidManifest.xml:35:13-45:29
138                <action android:name="android.intent.action.VIEW" />
138-->[com.google.firebase:firebase-auth:21.3.0] AndroidManifest.xml:36:17-69
138-->[com.google.firebase:firebase-auth:21.3.0] AndroidManifest.xml:36:25-66
139
140                <category android:name="android.intent.category.DEFAULT" />
140-->[com.google.firebase:firebase-auth:21.3.0] AndroidManifest.xml:38:17-76
140-->[com.google.firebase:firebase-auth:21.3.0] AndroidManifest.xml:38:27-73
141                <category android:name="android.intent.category.BROWSABLE" />
141-->[com.google.firebase:firebase-auth:21.3.0] AndroidManifest.xml:39:17-78
141-->[com.google.firebase:firebase-auth:21.3.0] AndroidManifest.xml:39:27-75
142
143                <data
143-->[com.google.firebase:firebase-auth:21.3.0] AndroidManifest.xml:41:17-44:51
144                    android:host="firebase.auth"
144-->[com.google.firebase:firebase-auth:21.3.0] AndroidManifest.xml:42:21-49
145                    android:path="/"
145-->[com.google.firebase:firebase-auth:21.3.0] AndroidManifest.xml:43:21-37
146                    android:scheme="genericidp" />
146-->[com.google.firebase:firebase-auth:21.3.0] AndroidManifest.xml:44:21-48
147            </intent-filter>
148        </activity>
149        <activity
149-->[com.google.firebase:firebase-auth:21.3.0] AndroidManifest.xml:47:9-64:20
150            android:name="com.google.firebase.auth.internal.RecaptchaActivity"
150-->[com.google.firebase:firebase-auth:21.3.0] AndroidManifest.xml:48:13-79
151            android:excludeFromRecents="true"
151-->[com.google.firebase:firebase-auth:21.3.0] AndroidManifest.xml:49:13-46
152            android:exported="true"
152-->[com.google.firebase:firebase-auth:21.3.0] AndroidManifest.xml:50:13-36
153            android:launchMode="singleTask"
153-->[com.google.firebase:firebase-auth:21.3.0] AndroidManifest.xml:51:13-44
154            android:theme="@android:style/Theme.Translucent.NoTitleBar" >
154-->[com.google.firebase:firebase-auth:21.3.0] AndroidManifest.xml:52:13-72
155            <intent-filter>
155-->[com.google.firebase:firebase-auth:21.3.0] AndroidManifest.xml:53:13-63:29
156                <action android:name="android.intent.action.VIEW" />
156-->[com.google.firebase:firebase-auth:21.3.0] AndroidManifest.xml:36:17-69
156-->[com.google.firebase:firebase-auth:21.3.0] AndroidManifest.xml:36:25-66
157
158                <category android:name="android.intent.category.DEFAULT" />
158-->[com.google.firebase:firebase-auth:21.3.0] AndroidManifest.xml:38:17-76
158-->[com.google.firebase:firebase-auth:21.3.0] AndroidManifest.xml:38:27-73
159                <category android:name="android.intent.category.BROWSABLE" />
159-->[com.google.firebase:firebase-auth:21.3.0] AndroidManifest.xml:39:17-78
159-->[com.google.firebase:firebase-auth:21.3.0] AndroidManifest.xml:39:27-75
160
161                <data
161-->[com.google.firebase:firebase-auth:21.3.0] AndroidManifest.xml:41:17-44:51
162                    android:host="firebase.auth"
162-->[com.google.firebase:firebase-auth:21.3.0] AndroidManifest.xml:42:21-49
163                    android:path="/"
163-->[com.google.firebase:firebase-auth:21.3.0] AndroidManifest.xml:43:21-37
164                    android:scheme="recaptcha" />
164-->[com.google.firebase:firebase-auth:21.3.0] AndroidManifest.xml:44:21-48
165            </intent-filter>
166        </activity>
167        <activity
167-->[com.google.android.gms:play-services-base:18.0.1] AndroidManifest.xml:20:9-22:45
168            android:name="com.google.android.gms.common.api.GoogleApiActivity"
168-->[com.google.android.gms:play-services-base:18.0.1] AndroidManifest.xml:20:19-85
169            android:exported="false"
169-->[com.google.android.gms:play-services-base:18.0.1] AndroidManifest.xml:22:19-43
170            android:theme="@android:style/Theme.Translucent.NoTitleBar" />
170-->[com.google.android.gms:play-services-base:18.0.1] AndroidManifest.xml:21:19-78
171
172        <provider
172-->[com.google.firebase:firebase-common:20.3.2] AndroidManifest.xml:25:9-30:39
173            android:name="com.google.firebase.provider.FirebaseInitProvider"
173-->[com.google.firebase:firebase-common:20.3.2] AndroidManifest.xml:26:13-77
174            android:authorities="com.example.blood_donation.firebaseinitprovider"
174-->[com.google.firebase:firebase-common:20.3.2] AndroidManifest.xml:27:13-72
175            android:directBootAware="true"
175-->[com.google.firebase:firebase-common:20.3.2] AndroidManifest.xml:28:13-43
176            android:exported="false"
176-->[com.google.firebase:firebase-common:20.3.2] AndroidManifest.xml:29:13-37
177            android:initOrder="100" />
177-->[com.google.firebase:firebase-common:20.3.2] AndroidManifest.xml:30:13-36
178
179        <meta-data
179-->[com.google.android.gms:play-services-basement:18.2.0] AndroidManifest.xml:21:9-23:69
180            android:name="com.google.android.gms.version"
180-->[com.google.android.gms:play-services-basement:18.2.0] AndroidManifest.xml:22:13-58
181            android:value="@integer/google_play_services_version" />
181-->[com.google.android.gms:play-services-basement:18.2.0] AndroidManifest.xml:23:13-66
182
183        <uses-library
183-->[androidx.window:window:1.0.0-beta04] AndroidManifest.xml:25:9-27:40
184            android:name="androidx.window.extensions"
184-->[androidx.window:window:1.0.0-beta04] AndroidManifest.xml:26:13-54
185            android:required="false" />
185-->[androidx.window:window:1.0.0-beta04] AndroidManifest.xml:27:13-37
186        <uses-library
186-->[androidx.window:window:1.0.0-beta04] AndroidManifest.xml:28:9-30:40
187            android:name="androidx.window.sidecar"
187-->[androidx.window:window:1.0.0-beta04] AndroidManifest.xml:29:13-51
188            android:required="false" />
188-->[androidx.window:window:1.0.0-beta04] AndroidManifest.xml:30:13-37
189    </application>
190
191</manifest>